<?xml version="1.0" encoding="UTF-8"?>
<testsuite name="com.example.demo.DemoJavaProjectApplicationTests" tests="1" skipped="0" failures="0" errors="0" timestamp="2026-03-18T19:54:02" hostname="gokhan" time="0.297">
  <properties/>
  <testcase name="contextLoads()" classname="com.example.demo.DemoJavaProjectApplicationTests" time="0.297"/>
  <system-out><![CDATA[22:54:02.407 [Test worker] INFO org.springframework.test.context.support.AnnotationConfigContextLoaderUtils -- Could not detect default configuration classes for test class [com.example.demo.DemoJavaProjectApplicationTests]: DemoJavaProjectApplicationTests does not declare any static, non-private, non-final, nested classes annotated with @Configuration.
22:54:02.439 [Test worker] INFO org.springframework.boot.test.context.SpringBootTestContextBootstrapper -- Found @SpringBootConfiguration com.example.demo.DemoJavaProjectApplication for test class com.example.demo.DemoJavaProjectApplicationTests

  .   ____          _            __ _ _
 /\\ / ___'_ __ _ _(_)_ __  __ _ \ \ \ \
( ( )\___ | '_ | '_| | '_ \/ _` | \ \ \ \
 \\/  ___)| |_)| | | | | || (_| |  ) ) ) )
  '  |____| .__|_| |_|_| |_\__, | / / / /
 =========|_|==============|___/=/_/_/_/

 :: Spring Boot ::                (v3.3.2)

2026-03-18T22:54:02.551+03:00  INFO 4861 --- [demo-java-project] [    Test worker] c.e.d.DemoJavaProjectApplicationTests    : Starting DemoJavaProjectApplicationTests using Java 17.0.18 with PID 4861 (started by gokhan in /home/gokhan/Desktop/autoDeployPipeline/demo-java)
2026-03-18T22:54:02.552+03:00  INFO 4861 --- [demo-java-project] [    Test worker] c.e.d.DemoJavaProjectApplicationTests    : The following 1 profile is active: "dev"
2026-03-18T22:54:02.872+03:00  INFO 4861 --- [demo-java-project] [    Test worker] c.e.d.DemoJavaProjectApplicationTests    : Started DemoJavaProjectApplicationTests in 0.389 seconds (process running for 0.749)
]]></system-out>
  <system-err><![CDATA[]]></system-err>
</testsuite>
